[0629/214849.902:ERROR:process_memory_win.cc(73)] ReadMemory at 0x77d90000 of 64 bytes failed: Only part of a ReadProcessMemory or WriteProcessMemory request was completed. (0x12B)
[0629/214850.430:WARNING:pe_image_reader.cc(340)] could not read dos header from C:\Windows\SYSTEM32\ntdll.dll
[0629/214850.430:ERROR:process_memory_win.cc(73)] ReadMemory at 0x77630000 of 64 bytes failed: Only part of a ReadProcessMemory or WriteProcessMemory request was completed. (0x12B)
[0629/214850.430:WARNING:pe_image_reader.cc(340)] could not read dos header from C:\Windows\SYSTEM32\KERNEL32.DLL
[0629/214850.431:ERROR:process_memory_win.cc(73)] ReadMemory at 0x75ea0000 of 64 bytes failed: Only part of a ReadProcessMemory or WriteProcessMemory request was completed. (0x12B)
[0629/214850.431:WARNING:pe_image_reader.cc(340)] could not read dos header from C:\Windows\SYSTEM32\KERNELBASE.dll
[0629/214850.431:ERROR:process_memory_win.cc(73)] ReadMemory at 0x663a0000 of 64 bytes failed: Only part of a ReadProcessMemory or WriteProcessMemory request was completed. (0x12B)
[0629/214850.431:WARNING:pe_image_reader.cc(340)] could not read dos header from C:\Program Files (x86)\Google\Chrome\Application\83.0.4103.116\chrome_elf.dll
[0629/214850.431:ERROR:process_memory_win.cc(73)] ReadMemory at 0x74430000 of 64 bytes failed: Only part of a ReadProcessMemory or WriteProcessMemory request was completed. (0x12B)
[0629/214850.431:WARNING:pe_image_reader.cc(340)] could not read dos header from C:\Windows\SYSTEM32\VERSION.dll
[0629/214850.431:ERROR:process_memory_win.cc(73)] ReadMemory at 0x75f70000 of 64 bytes failed: Only part of a ReadProcessMemory or WriteProcessMemory request was completed. (0x12B)
[0629/214850.431:WARNING:pe_image_reader.cc(340)] could not read dos header from C:\Windows\SYSTEM32\msvcrt.dll
[0629/214850.431:ERROR:process_memory_win.cc(73)] ReadMemory at 0x75750000 of 64 bytes failed: Only part of a ReadProcessMemory or WriteProcessMemory request was completed. (0x12B)
[0629/214850.431:WARNING:pe_image_reader.cc(340)] could not read dos header from C:\Windows\SYSTEM32\bcryptPrimitives.dll
[0629/214850.432:ERROR:process_memory_win.cc(73)] ReadMemory at 0x76080000 of 64 bytes failed: Only part of a ReadProcessMemory or WriteProcessMemory request was completed. (0x12B)
[0629/214850.432:WARNING:pe_image_reader.cc(340)] could not read dos header from C:\Windows\SYSTEM32\ADVAPI32.dll
[0629/214850.432:ERROR:process_memory_win.cc(73)] ReadMemory at 0x77c80000 of 64 bytes failed: Only part of a ReadProcessMemory or WriteProcessMemory request was completed. (0x12B)
[0629/214850.432:WARNING:pe_image_reader.cc(340)] could not read dos header from C:\Windows\SYSTEM32\sechost.dll
[0629/214850.432:ERROR:process_memory_win.cc(73)] ReadMemory at 0x774e0000 of 64 bytes failed: Only part of a ReadProcessMemory or WriteProcessMemory request was completed. (0x12B)
[0629/214850.432:WARNING:pe_image_reader.cc(340)] could not read dos header from C:\Windows\SYSTEM32\RPCRT4.dll
[0629/214850.432:ERROR:process_memory_win.cc(73)] ReadMemory at 0x757c0000 of 64 bytes failed: Only part of a ReadProcessMemory or WriteProcessMemory request was completed. (0x12B)
[0629/214850.432:WARNING:pe_image_reader.cc(340)] could not read dos header from C:\Windows\SYSTEM32\SspiCli.dll
[0629/214850.432:ERROR:process_memory_win.cc(73)] ReadMemory at 0x757b0000 of 64 bytes failed: Only part of a ReadProcessMemory or WriteProcessMemory request was completed. (0x12B)
[0629/214850.432:WARNING:pe_image_reader.cc(340)] could not read dos header from C:\Windows\SYSTEM32\CRYPTBASE.dll
[0629/214850.432:ERROR:process_memory_win.cc(73)] ReadMemory at 0x5f690000 of 64 bytes failed: Only part of a ReadProcessMemory or WriteProcessMemory request was completed. (0x12B)
[0629/214850.432:WARNING:pe_image_reader.cc(340)] could not read dos header from C:\Program Files (x86)\Google\Chrome\Application\83.0.4103.116\chrome.dll
[0629/214850.432:ERROR:process_memory_win.cc(73)] ReadMemory at 0x762d0000 of 64 bytes failed: Only part of a ReadProcessMemory or WriteProcessMemory request was completed. (0x12B)
[0629/214850.433:WARNING:pe_image_reader.cc(340)] could not read dos header from C:\Windows\SYSTEM32\WS2_32.dll
[0629/214850.433:ERROR:process_memory_win.cc(73)] ReadMemory at 0x75050000 of 64 bytes failed: Only part of a ReadProcessMemory or WriteProcessMemory request was completed. (0x12B)
[0629/214850.433:WARNING:pe_image_reader.cc(340)] could not read dos header from C:\Windows\SYSTEM32\IPHLPAPI.DLL
[0629/214850.433:ERROR:process_memory_win.cc(73)] ReadMemory at 0x775a0000 of 64 bytes failed: Only part of a ReadProcessMemory or WriteProcessMemory request was completed. (0x12B)
[0629/214850.433:WARNING:pe_image_reader.cc(340)] could not read dos header from C:\Windows\SYSTEM32\OLEAUT32.dll
[0629/214850.433:ERROR:process_memory_win.cc(73)] ReadMemory at 0x74410000 of 64 bytes failed: Only part of a ReadProcessMemory or WriteProcessMemory request was completed. (0x12B)
[0629/214850.433:WARNING:pe_image_reader.cc(340)] could not read dos header from C:\Windows\SYSTEM32\WINMM.dll
[0629/214850.433:ERROR:process_memory_win.cc(73)] ReadMemory at 0x6b9a0000 of 64 bytes failed: Only part of a ReadProcessMemory or WriteProcessMemory request was completed. (0x12B)
[0629/214850.433:WARNING:pe_image_reader.cc(340)] could not read dos header from C:\Windows\SYSTEM32\Secur32.dll
[0629/214850.433:ERROR:process_memory_win.cc(73)] ReadMemory at 0x75030000 of 64 bytes failed: Only part of a ReadProcessMemory or WriteProcessMemory request was completed. (0x12B)
[0629/214850.434:WARNING:pe_image_reader.cc(340)] could not read dos header from C:\Windows\SYSTEM32\USERENV.dll
[0629/214850.434:ERROR:process_memory_win.cc(73)] ReadMemory at 0x757f0000 of 64 bytes failed: Only part of a ReadProcessMemory or WriteProcessMemory request was completed. (0x12B)
[0629/214850.434:WARNING:pe_image_reader.cc(340)] could not read dos header from C:\Windows\SYSTEM32\WINTRUST.dll
[0629/214850.434:ERROR:process_memory_win.cc(73)] ReadMemory at 0x5f5a0000 of 64 bytes failed: Only part of a ReadProcessMemory or WriteProcessMemory request was completed. (0x12B)
[0629/214850.434:WARNING:pe_image_reader.cc(340)] could not read dos header from C:\Windows\SYSTEM32\UIAutomationCore.DLL
[0629/214850.434:ERROR:process_memory_win.cc(73)] ReadMemory at 0x77af0000 of 64 bytes failed: Only part of a ReadProcessMemory or WriteProcessMemory request was completed. (0x12B)
[0629/214850.434:WARNING:pe_image_reader.cc(340)] could not read dos header from C:\Windows\SYSTEM32\CRYPT32.dll
[0629/214850.434:ERROR:process_memory_win.cc(73)] ReadMemory at 0x67b10000 of 64 bytes failed: Only part of a ReadProcessMemory or WriteProcessMemory request was completed. (0x12B)
[0629/214850.434:WARNING:pe_image_reader.cc(340)] could not read dos header from C:\Windows\SYSTEM32\DWrite.dll
[0629/214850.434:ERROR:process_memory_win.cc(73)] ReadMemory at 0x6dab0000 of 64 bytes failed: Only part of a ReadProcessMemory or WriteProcessMemory request was completed. (0x12B)
[0629/214850.434:WARNING:pe_image_reader.cc(340)] could not read dos header from C:\Windows\SYSTEM32\WINSPOOL.DRV
[0629/214850.434:ERROR:process_memory_win.cc(73)] ReadMemory at 0x6dd80000 of 64 bytes failed: Only part of a ReadProcessMemory or WriteProcessMemory request was completed. (0x12B)
[0629/214850.434:WARNING:pe_image_reader.cc(340)] could not read dos header from C:\Windows\SYSTEM32\dbghelp.dll
[0629/214850.434:ERROR:process_memory_win.cc(73)] ReadMemory at 0x6b890000 of 64 bytes failed: Only part of a ReadProcessMemory or WriteProcessMemory request was completed. (0x12B)
[0629/214850.435:WARNING:pe_image_reader.cc(340)] could not read dos header from C:\Windows\SYSTEM32\WINHTTP.dll
[0629/214850.435:ERROR:process_memory_win.cc(73)] ReadMemory at 0x6dcb0000 of 64 bytes failed: Only part of a ReadProcessMemory or WriteProcessMemory request was completed. (0x12B)
[0629/214850.435:WARNING:pe_image_reader.cc(340)] could not read dos header from C:\Windows\SYSTEM32\dhcpcsvc.DLL
[0629/214850.435:ERROR:process_memory_win.cc(73)] ReadMemory at 0x757e0000 of 64 bytes failed: Only part of a ReadProcessMemory or WriteProcessMemory request was completed. (0x12B)
[0629/214850.435:WARNING:pe_image_reader.cc(340)] could not read dos header from C:\Windows\SYSTEM32\NSI.dll
[0629/214850.435:ERROR:process_memory_win.cc(73)] ReadMemory at 0x743c0000 of 64 bytes failed: Only part of a ReadProcessMemory or WriteProcessMemory request was completed. (0x12B)
[0629/214850.435:WARNING:pe_image_reader.cc(340)] could not read dos header from C:\Windows\SYSTEM32\WINNSI.DLL
[0629/214850.435:ERROR:process_memory_win.cc(73)] ReadMemory at 0x75990000 of 64 bytes failed: Only part of a ReadProcessMemory or WriteProcessMemory request was completed. (0x12B)
[0629/214850.435:WARNING:pe_image_reader.cc(340)] could not read dos header from C:\Windows\SYSTEM32\combase.dll
[0629/214850.435:ERROR:process_memory_win.cc(73)] ReadMemory at 0x6ecd0000 of 64 bytes failed: Only part of a ReadProcessMemory or WriteProcessMemory request was completed. (0x12B)
[0629/214850.435:WARNING:pe_image_reader.cc(340)] could not read dos header from C:\Windows\SYSTEM32\WINMMBASE.dll
[0629/214850.435:ERROR:process_memory_win.cc(73)] ReadMemory at 0x77990000 of 64 bytes failed: Only part of a ReadProcessMemory or WriteProcessMemory request was completed. (0x12B)
[0629/214850.436:WARNING:pe_image_reader.cc(340)] could not read dos header from C:\Windows\SYSTEM32\USER32.dll
[0629/214850.436:ERROR:process_memory_win.cc(73)] ReadMemory at 0x743b0000 of 64 bytes failed: Only part of a ReadProcessMemory or WriteProcessMemory request was completed. (0x12B)
[0629/214850.436:WARNING:pe_image_reader.cc(340)] could not read dos header from C:\Windows\SYSTEM32\profapi.dll
[0629/214850.436:ERROR:process_memory_win.cc(73)] ReadMemory at 0x75ae0000 of 64 bytes failed: Only part of a ReadProcessMemory or WriteProcessMemory request was completed. (0x12B)
[0629/214850.436:WARNING:pe_image_reader.cc(340)] could not read dos header from C:\Windows\SYSTEM32\MSASN1.dll
[0629/214850.436:ERROR:process_memory_win.cc(73)] ReadMemory at 0x77950000 of 64 bytes failed: Only part of a ReadProcessMemory or WriteProcessMemory request was completed. (0x12B)
[0629/214850.436:WARNING:pe_image_reader.cc(340)] could not read dos header from C:\Windows\SYSTEM32\cfgmgr32.dll
[0629/214850.436:ERROR:process_memory_win.cc(73)] ReadMemory at 0x6e990000 of 64 bytes failed: Only part of a ReadProcessMemory or WriteProcessMemory request was completed. (0x12B)
[0629/214850.436:WARNING:pe_image_reader.cc(340)] could not read dos header from C:\Windows\SYSTEM32\DEVOBJ.dll
[0629/214850.436:ERROR:process_memory_win.cc(73)] ReadMemory at 0x75830000 of 64 bytes failed: Only part of a ReadProcessMemory or WriteProcessMemory request was completed. (0x12B)
[0629/214850.436:WARNING:pe_image_reader.cc(340)] could not read dos header from C:\Windows\SYSTEM32\GDI32.dll
[0629/214850.436:ERROR:process_memory_win.cc(73)] ReadMemory at 0x75d00000 of 64 bytes failed: Only part of a ReadProcessMemory or WriteProcessMemory request was completed. (0x12B)
[0629/214850.436:WARNING:pe_image_reader.cc(340)] could not read dos header from C:\Windows\system32\IMM32.DLL
[0629/214850.436:ERROR:process_memory_win.cc(73)] ReadMemory at 0x75c00000 of 64 bytes failed: Only part of a ReadProcessMemory or WriteProcessMemory request was completed. (0x12B)
[0629/214850.436:WARNING:pe_image_reader.cc(340)] could not read dos header from C:\Windows\SYSTEM32\MSCTF.dll
[0629/214851.329:ERROR:process_memory_win.cc(73)] ReadMemory at 0x966000 of 40960 bytes failed: Only part of a ReadProcessMemory or WriteProcessMemory request was completed. (0x12B)
[0629/214851.329:ERROR:process_memory_win.cc(73)] ReadMemory at 0x2b4e000 of 8192 bytes failed: Only part of a ReadProcessMemory or WriteProcessMemory request was completed. (0x12B)
[0629/214851.329:ERROR:process_memory_win.cc(73)] ReadMemory at 0x2d4e000 of 8192 bytes failed: Only part of a ReadProcessMemory or WriteProcessMemory request was completed. (0x12B)
[0629/214851.329:ERROR:process_memory_win.cc(73)] ReadMemory at 0x2e4e000 of 8192 bytes failed: Only part of a ReadProcessMemory or WriteProcessMemory request was completed. (0x12B)
[0629/214851.363:ERROR:process_memory_win.cc(73)] ReadMemory at 0x2fcf000 of 4096 bytes failed: Only part of a ReadProcessMemory or WriteProcessMemory request was completed. (0x12B)
[0629/214851.363:ERROR:process_memory_win.cc(73)] ReadMemory at 0x30ce000 of 8192 bytes failed: Only part of a ReadProcessMemory or WriteProcessMemory request was completed. (0x12B)
[0629/214851.363:ERROR:process_memory_win.cc(73)] ReadMemory at 0x33cd000 of 12288 bytes failed: Only part of a ReadProcessMemory or WriteProcessMemory request was completed. (0x12B)
[0629/214851.363:ERROR:process_memory_win.cc(73)] ReadMemory at 0x34ce000 of 8192 bytes failed: Only part of a ReadProcessMemory or WriteProcessMemory request was completed. (0x12B)
[0629/214851.363:ERROR:process_memory_win.cc(73)] ReadMemory at 0x37cc000 of 16384 bytes failed: Only part of a ReadProcessMemory or WriteProcessMemory request was completed. (0x12B)
[0629/214851.363:ERROR:process_memory_win.cc(73)] ReadMemory at 0x390c000 of 16384 bytes failed: Only part of a ReadProcessMemory or WriteProcessMemory request was completed. (0x12B)
[0629/214851.443:ERROR:process_memory_win.cc(73)] ReadMemory at 0x3a4e000 of 8192 bytes failed: Only part of a ReadProcessMemory or WriteProcessMemory request was completed. (0x12B)
[0629/214851.443:ERROR:process_memory_win.cc(73)] ReadMemory at 0x563d000 of 12288 bytes failed: Only part of a ReadProcessMemory or WriteProcessMemory request was completed. (0x12B)
[0629/214851.443:ERROR:process_memory_win.cc(73)] ReadMemory at 0x15efe000 of 8192 bytes failed: Only part of a ReadProcessMemory or WriteProcessMemory request was completed. (0x12B)
[0629/214851.443:ERROR:process_memory_win.cc(73)] ReadMemory at 0x3dde000 of 8192 bytes failed: Only part of a ReadProcessMemory or WriteProcessMemory request was completed. (0x12B)
[0629/214851.443:ERROR:process_memory_win.cc(73)] ReadMemory at 0xfbbe000 of 8192 bytes failed: Only part of a ReadProcessMemory or WriteProcessMemory request was completed. (0x12B)
[0629/214851.443:ERROR:process_memory_win.cc(73)] ReadMemory at 0xd004a0 of 72 bytes failed: Only part of a ReadProcessMemory or WriteProcessMemory request was completed. (0x12B)
[0629/214851.443:ERROR:process_memory_win.cc(73)] ReadMemory at 0xd00548 of 64 bytes failed: Only part of a ReadProcessMemory or WriteProcessMemory request was completed. (0x12B)
[0629/214851.443:ERROR:process_memory_win.cc(73)] ReadMemory at 0xd005c8 of 17832 bytes failed: Only part of a ReadProcessMemory or WriteProcessMemory request was completed. (0x12B)
[0629/214851.449:ERROR:process_memory_win.cc(73)] ReadMemory at 0xd04b78 of 660 bytes failed: Only part of a ReadProcessMemory or WriteProcessMemory request was completed. (0x12B)
[0629/214851.449:ERROR:process_memory_win.cc(73)] ReadMemory at 0xd05020 of 118 bytes failed: Only part of a ReadProcessMemory or WriteProcessMemory request was completed. (0x12B)
[0629/214851.449:ERROR:process_memory_win.cc(73)] ReadMemory at 0xd05098 of 832 bytes failed: Only part of a ReadProcessMemory or WriteProcessMemory request was completed. (0x12B)
[0629/214851.449:ERROR:process_memory_win.cc(73)] ReadMemory at 0xd053da of 118 bytes failed: Only part of a ReadProcessMemory or WriteProcessMemory request was completed. (0x12B)
[0629/214851.449:ERROR:process_memory_win.cc(73)] ReadMemory at 0xd05452 of 94 bytes failed: Only part of a ReadProcessMemory or WriteProcessMemory request was completed. (0x12B)
[0629/214851.449:ERROR:process_memory_win.cc(73)] ReadMemory at 0xd09a68 of 58 bytes failed: Only part of a ReadProcessMemory or WriteProcessMemory request was completed. (0x12B)
[0629/214851.449:ERROR:process_memory_win.cc(73)] ReadMemory at 0xd09b58 of 72 bytes failed: Only part of a ReadProcessMemory or WriteProcessMemory request was completed. (0x12B)
[0629/214851.449:ERROR:process_memory_win.cc(73)] ReadMemory at 0xd09c38 of 72 bytes failed: Only part of a ReadProcessMemory or WriteProcessMemory request was completed. (0x12B)
[0629/214851.449:ERROR:process_memory_win.cc(73)] ReadMemory at 0xd09d68 of 126 bytes failed: Only part of a ReadProcessMemory or WriteProcessMemory request was completed. (0x12B)
[0629/214851.480:ERROR:process_memory_win.cc(73)] ReadMemory at 0xd0a008 of 64 bytes failed: Only part of a ReadProcessMemory or WriteProcessMemory request was completed. (0x12B)
[0629/214851.480:ERROR:process_memory_win.cc(73)] ReadMemory at 0xd0a058 of 72 bytes failed: Only part of a ReadProcessMemory or WriteProcessMemory request was completed. (0x12B)
[0629/214851.480:ERROR:process_memory_win.cc(73)] ReadMemory at 0xd0a160 of 154 bytes failed: Only part of a ReadProcessMemory or WriteProcessMemory request was completed. (0x12B)
[0629/214851.480:ERROR:process_memory_win.cc(73)] ReadMemory at 0xd0a240 of 68 bytes failed: Only part of a ReadProcessMemory or WriteProcessMemory request was completed. (0x12B)
[0629/214851.480:ERROR:process_memory_win.cc(73)] ReadMemory at 0xd0a290 of 72 bytes failed: Only part of a ReadProcessMemory or WriteProcessMemory request was completed. (0x12B)
[0629/214851.480:ERROR:process_memory_win.cc(73)] ReadMemory at 0xd0aac8 of 72 bytes failed: Only part of a ReadProcessMemory or WriteProcessMemory request was completed. (0x12B)
[0629/214851.480:ERROR:process_memory_win.cc(73)] ReadMemory at 0xd0af18 of 72 bytes failed: Only part of a ReadProcessMemory or WriteProcessMemory request was completed. (0x12B)
[0629/214851.480:ERROR:process_memory_win.cc(73)] ReadMemory at 0xd0b1c8 of 64 bytes failed: Only part of a ReadProcessMemory or WriteProcessMemory request was completed. (0x12B)
[0629/214851.480:ERROR:process_memory_win.cc(73)] ReadMemory at 0xd0b218 of 62 bytes failed: Only part of a ReadProcessMemory or WriteProcessMemory request was completed. (0x12B)
[0629/214851.480:ERROR:process_memory_win.cc(73)] ReadMemory at 0xd0ba30 of 72 bytes failed: Only part of a ReadProcessMemory or WriteProcessMemory request was completed. (0x12B)
[0629/214851.480:ERROR:process_memory_win.cc(73)] ReadMemory at 0xd0baf8 of 62 bytes failed: Only part of a ReadProcessMemory or WriteProcessMemory request was completed. (0x12B)
[0629/214851.480:ERROR:process_memory_win.cc(73)] ReadMemory at 0xd0be28 of 60 bytes failed: Only part of a ReadProcessMemory or WriteProcessMemory request was completed. (0x12B)
[0629/214851.480:ERROR:process_memory_win.cc(73)] ReadMemory at 0xd0d030 of 72 bytes failed: Only part of a ReadProcessMemory or WriteProcessMemory request was completed. (0x12B)
[0629/214851.480:ERROR:process_memory_win.cc(73)] ReadMemory at 0xd0d2e8 of 72 bytes failed: Only part of a ReadProcessMemory or WriteProcessMemory request was completed. (0x12B)
[0629/214851.480:ERROR:process_memory_win.cc(73)] ReadMemory at 0xd0d418 of 64 bytes failed: Only part of a ReadProcessMemory or WriteProcessMemory request was completed. (0x12B)
[0629/214851.481:ERROR:process_memory_win.cc(73)] ReadMemory at 0xd0d4a8 of 62 bytes failed: Only part of a ReadProcessMemory or WriteProcessMemory request was completed. (0x12B)
[0629/214851.481:ERROR:process_memory_win.cc(73)] ReadMemory at 0xd0d4f0 of 72 bytes failed: Only part of a ReadProcessMemory or WriteProcessMemory request was completed. (0x12B)
[0629/214851.481:ERROR:process_memory_win.cc(73)] ReadMemory at 0xd0d598 of 60 bytes failed: Only part of a ReadProcessMemory or WriteProcessMemory request was completed. (0x12B)
[0629/214851.481:ERROR:process_memory_win.cc(73)] ReadMemory at 0xd0d5f0 of 66 bytes failed: Only part of a ReadProcessMemory or WriteProcessMemory request was completed. (0x12B)
[0629/214851.481:ERROR:process_memory_win.cc(73)] ReadMemory at 0xd10578 of 72 bytes failed: Only part of a ReadProcessMemory or WriteProcessMemory request was completed. (0x12B)
[0629/214851.481:ERROR:process_memory_win.cc(73)] ReadMemory at 0xd10620 of 60 bytes failed: Only part of a ReadProcessMemory or WriteProcessMemory request was completed. (0x12B)
[0629/214851.481:ERROR:process_memory_win.cc(73)] ReadMemory at 0xd10e78 of 146 bytes failed: Only part of a ReadProcessMemory or WriteProcessMemory request was completed. (0x12B)
[0629/214851.481:ERROR:process_memory_win.cc(73)] ReadMemory at 0xd10f90 of 80 bytes failed: Only part of a ReadProcessMemory or WriteProcessMemory request was completed. (0x12B)
[0629/214851.481:ERROR:process_memory_win.cc(73)] ReadMemory at 0xd10ff0 of 72 bytes failed: Only part of a ReadProcessMemory or WriteProcessMemory request was completed. (0x12B)
[0629/214851.481:ERROR:process_memory_win.cc(73)] ReadMemory at 0xd11098 of 72 bytes failed: Only part of a ReadProcessMemory or WriteProcessMemory request was completed. (0x12B)
[0629/214851.481:ERROR:process_memory_win.cc(73)] ReadMemory at 0xd13118 of 72 bytes failed: Only part of a ReadProcessMemory or WriteProcessMemory request was completed. (0x12B)
[0629/214851.481:ERROR:process_memory_win.cc(73)] ReadMemory at 0xd131c0 of 72 bytes failed: Only part of a ReadProcessMemory or WriteProcessMemory request was completed. (0x12B)
[0629/214851.481:ERROR:process_memory_win.cc(73)] ReadMemory at 0xd13268 of 62 bytes failed: Only part of a ReadProcessMemory or WriteProcessMemory request was completed. (0x12B)
[0629/214851.481:ERROR:process_memory_win.cc(73)] ReadMemory at 0xd132b0 of 62 bytes failed: Only part of a ReadProcessMemory or WriteProcessMemory request was completed. (0x12B)
[0629/214851.481:ERROR:process_memory_win.cc(73)] ReadMemory at 0xd13328 of 58 bytes failed: Only part of a ReadProcessMemory or WriteProcessMemory request was completed. (0x12B)
[0629/214851.481:ERROR:process_memory_win.cc(73)] ReadMemory at 0xd13370 of 64 bytes failed: Only part of a ReadProcessMemory or WriteProcessMemory request was completed. (0x12B)
[0629/214851.481:ERROR:process_memory_win.cc(73)] ReadMemory at 0xd133c0 of 62 bytes failed: Only part of a ReadProcessMemory or WriteProcessMemory request was completed. (0x12B)
[0629/214851.481:ERROR:process_memory_win.cc(73)] ReadMemory at 0xd13408 of 60 bytes failed: Only part of a ReadProcessMemory or WriteProcessMemory request was completed. (0x12B)
[0629/214851.481:ERROR:process_memory_win.cc(73)] ReadMemory at 0xd13450 of 62 bytes failed: Only part of a ReadProcessMemory or WriteProcessMemory request was completed. (0x12B)
[0629/214851.481:ERROR:process_memory_win.cc(73)] ReadMemory at 0xd13498 of 80 bytes failed: Only part of a ReadProcessMemory or WriteProcessMemory request was completed. (0x12B)
[0629/214851.481:ERROR:process_memory_win.cc(73)] ReadMemory at 0xd13570 of 54 bytes failed: Only part of a ReadProcessMemory or WriteProcessMemory request was completed. (0x12B)
[0629/214851.481:ERROR:process_memory_win.cc(73)] ReadMemory at 0xd135c0 of 64 bytes failed: Only part of a ReadProcessMemory or WriteProcessMemory request was completed. (0x12B)
[0629/214851.481:ERROR:process_memory_win.cc(73)] ReadMemory at 0xd13610 of 62 bytes failed: Only part of a ReadProcessMemory or WriteProcessMemory request was completed. (0x12B)
[0629/214851.481:ERROR:process_memory_win.cc(73)] ReadMemory at 0xd13658 of 64 bytes failed: Only part of a ReadProcessMemory or WriteProcessMemory request was completed. (0x12B)
[0629/214851.482:ERROR:process_memory_win.cc(73)] ReadMemory at 0xd137c0 of 60 bytes failed: Only part of a ReadProcessMemory or WriteProcessMemory request was completed. (0x12B)
[0629/214851.482:ERROR:process_memory_win.cc(73)] ReadMemory at 0xd14088 of 72 bytes failed: Only part of a ReadProcessMemory or WriteProcessMemory request was completed. (0x12B)
[0629/214851.482:ERROR:process_memory_win.cc(73)] ReadMemory at 0xd14130 of 72 bytes failed: Only part of a ReadProcessMemory or WriteProcessMemory request was completed. (0x12B)
[0629/214851.482:ERROR:process_memory_win.cc(73)] ReadMemory at 0xd141d8 of 72 bytes failed: Only part of a ReadProcessMemory or WriteProcessMemory request was completed. (0x12B)
[0629/214851.482:ERROR:process_memory_win.cc(73)] ReadMemory at 0xd14280 of 72 bytes failed: Only part of a ReadProcessMemory or WriteProcessMemory request was completed. (0x12B)
[0629/214851.482:ERROR:process_memory_win.cc(73)] ReadMemory at 0xd14328 of 72 bytes failed: Only part of a ReadProcessMemory or WriteProcessMemory request was completed. (0x12B)
[0629/214851.482:ERROR:process_memory_win.cc(73)] ReadMemory at 0xd143d0 of 72 bytes failed: Only part of a ReadProcessMemory or WriteProcessMemory request was completed. (0x12B)
[0629/214851.482:ERROR:process_memory_win.cc(73)] ReadMemory at 0xd14478 of 72 bytes failed: Only part of a ReadProcessMemory or WriteProcessMemory request was completed. (0x12B)
[0629/214851.482:ERROR:process_memory_win.cc(73)] ReadMemory at 0xd14520 of 72 bytes failed: Only part of a ReadProcessMemory or WriteProcessMemory request was completed. (0x12B)
[0629/214851.482:ERROR:process_memory_win.cc(73)] ReadMemory at 0xd145c8 of 72 bytes failed: Only part of a ReadProcessMemory or WriteProcessMemory request was completed. (0x12B)
[0629/214851.482:ERROR:process_memory_win.cc(73)] ReadMemory at 0xd14670 of 72 bytes failed: Only part of a ReadProcessMemory or WriteProcessMemory request was completed. (0x12B)
[0629/214851.482:ERROR:process_memory_win.cc(73)] ReadMemory at 0xd14718 of 72 bytes failed: Only part of a ReadProcessMemory or WriteProcessMemory request was completed. (0x12B)
[0629/214851.482:ERROR:process_memory_win.cc(73)] ReadMemory at 0xd147c0 of 72 bytes failed: Only part of a ReadProcessMemory or WriteProcessMemory request was completed. (0x12B)
[0629/214851.482:ERROR:process_memory_win.cc(73)] ReadMemory at 0xd14868 of 72 bytes failed: Only part of a ReadProcessMemory or WriteProcessMemory request was completed. (0x12B)
[0629/214851.482:ERROR:process_memory_win.cc(73)] ReadMemory at 0xd14910 of 72 bytes failed: Only part of a ReadProcessMemory or WriteProcessMemory request was completed. (0x12B)
[0629/214851.482:ERROR:process_memory_win.cc(73)] ReadMemory at 0xd149b8 of 72 bytes failed: Only part of a ReadProcessMemory or WriteProcessMemory request was completed. (0x12B)
[0629/214851.482:ERROR:process_memory_win.cc(73)] ReadMemory at 0xd14a60 of 72 bytes failed: Only part of a ReadProcessMemory or WriteProcessMemory request was completed. (0x12B)
[0629/214851.482:ERROR:process_memory_win.cc(73)] ReadMemory at 0xd14b08 of 72 bytes failed: Only part of a ReadProcessMemory or WriteProcessMemory request was completed. (0x12B)
[0629/214851.482:ERROR:process_memory_win.cc(73)] ReadMemory at 0xd14bb0 of 72 bytes failed: Only part of a ReadProcessMemory or WriteProcessMemory request was completed. (0x12B)
[0629/214851.482:ERROR:process_memory_win.cc(73)] ReadMemory at 0xd14c58 of 72 bytes failed: Only part of a ReadProcessMemory or WriteProcessMemory request was completed. (0x12B)
[0629/214851.482:ERROR:process_memory_win.cc(73)] ReadMemory at 0xd14d00 of 72 bytes failed: Only part of a ReadProcessMemory or WriteProcessMemory request was completed. (0x12B)
[0629/214851.482:ERROR:process_memory_win.cc(73)] ReadMemory at 0xd14da8 of 72 bytes failed: Only part of a ReadProcessMemory or WriteProcessMemory request was completed. (0x12B)
[0629/214851.482:ERROR:process_memory_win.cc(73)] ReadMemory at 0xd14e50 of 72 bytes failed: Only part of a ReadProcessMemory or WriteProcessMemory request was completed. (0x12B)
[0629/214851.482:ERROR:process_memory_win.cc(73)] ReadMemory at 0xd14ef8 of 72 bytes failed: Only part of a ReadProcessMemory or WriteProcessMemory request was completed. (0x12B)
[0629/214851.482:ERROR:process_memory_win.cc(73)] ReadMemory at 0xd14fa0 of 72 bytes failed: Only part of a ReadProcessMemory or WriteProcessMemory request was completed. (0x12B)
[0629/214851.483:ERROR:process_memory_win.cc(73)] ReadMemory at 0xd15ce8 of 60 bytes failed: Only part of a ReadProcessMemory or WriteProcessMemory request was completed. (0x12B)
[0629/214851.483:ERROR:process_memory_win.cc(73)] ReadMemory at 0xd15e98 of 58 bytes failed: Only part of a ReadProcessMemory or WriteProcessMemory request was completed. (0x12B)
[0629/214851.483:ERROR:process_memory_win.cc(73)] ReadMemory at 0xd15f28 of 62 bytes failed: Only part of a ReadProcessMemory or WriteProcessMemory request was completed. (0x12B)
[0629/214851.483:ERROR:process_memory_win.cc(73)] ReadMemory at 0xd15fb8 of 58 bytes failed: Only part of a ReadProcessMemory or WriteProcessMemory request was completed. (0x12B)
[0629/214851.483:ERROR:process_memory_win.cc(73)] ReadMemory at 0xd16048 of 62 bytes failed: Only part of a ReadProcessMemory or WriteProcessMemory request was completed. (0x12B)
[0629/214851.483:ERROR:process_memory_win.cc(73)] ReadMemory at 0xd16090 of 60 bytes failed: Only part of a ReadProcessMemory or WriteProcessMemory request was completed. (0x12B)
[0629/214851.483:ERROR:process_memory_win.cc(73)] ReadMemory at 0xd161f8 of 58 bytes failed: Only part of a ReadProcessMemory or WriteProcessMemory request was completed. (0x12B)
[0629/214851.483:ERROR:process_memory_win.cc(73)] ReadMemory at 0xd16288 of 60 bytes failed: Only part of a ReadProcessMemory or WriteProcessMemory request was completed. (0x12B)
[0629/214851.483:ERROR:process_memory_win.cc(73)] ReadMemory at 0xd16548 of 66 bytes failed: Only part of a ReadProcessMemory or WriteProcessMemory request was completed. (0x12B)
[0629/214851.483:ERROR:process_memory_win.cc(73)] ReadMemory at 0xd16a08 of 64 bytes failed: Only part of a ReadProcessMemory or WriteProcessMemory request was completed. (0x12B)
[0629/214851.483:ERROR:process_memory_win.cc(73)] ReadMemory at 0xd1bbf0 of 512 bytes failed: Only part of a ReadProcessMemory or WriteProcessMemory request was completed. (0x12B)
[0629/214851.483:ERROR:process_memory_win.cc(73)] ReadMemory at 0xd1cf58 of 512 bytes failed: Only part of a ReadProcessMemory or WriteProcessMemory request was completed. (0x12B)
[0629/214851.483:ERROR:process_memory_win.cc(73)] ReadMemory at 0x145b6c8 of 612 bytes failed: Only part of a ReadProcessMemory or WriteProcessMemory request was completed. (0x12B)
[0629/214851.483:ERROR:process_memory_win.cc(73)] ReadMemory at 0x1469080 of 512 bytes failed: Only part of a ReadProcessMemory or WriteProcessMemory request was completed. (0x12B)
[0629/214851.483:ERROR:process_memory_win.cc(73)] ReadMemory at 0x147bb08 of 512 bytes failed: Only part of a ReadProcessMemory or WriteProcessMemory request was completed. (0x12B)
[0629/214851.483:ERROR:process_memory_win.cc(73)] ReadMemory at 0x75eb4d3d of 512 bytes failed: Only part of a ReadProcessMemory or WriteProcessMemory request was completed. (0x12B)
[0629/214851.483:ERROR:process_memory_win.cc(73)] ReadMemory at 0x776418e0 of 512 bytes failed: Only part of a ReadProcessMemory or WriteProcessMemory request was completed. (0x12B)
[0629/214851.483:ERROR:process_memory_win.cc(73)] ReadMemory at 0x77da6d11 of 512 bytes failed: Only part of a ReadProcessMemory or WriteProcessMemory request was completed. (0x12B)
[0629/214851.483:ERROR:process_memory_win.cc(73)] ReadMemory at 0x77dcd13c of 592 bytes failed: Only part of a ReadProcessMemory or WriteProcessMemory request was completed. (0x12B)
[0629/214851.483:ERROR:process_memory_win.cc(73)] ReadMemory at 0x77dcd43c of 512 bytes failed: Only part of a ReadProcessMemory or WriteProcessMemory request was completed. (0x12B)
[0629/214851.483:ERROR:process_memory_win.cc(73)] ReadMemory at 0x77dcebbc of 560 bytes failed: Only part of a ReadProcessMemory or WriteProcessMemory request was completed. (0x12B)
[0629/214851.483:ERROR:process_memory_win.cc(73)] ReadMemory at 0x77de4a0c of 18 bytes failed: Only part of a ReadProcessMemory or WriteProcessMemory request was completed. (0x12B)
[0629/214851.483:ERROR:process_memory_win.cc(73)] ReadMemory at 0x77e891e0 of 36 bytes failed: Only part of a ReadProcessMemory or WriteProcessMemory request was completed. (0x12B)
[0629/214851.483:ERROR:process_memory_win.cc(73)] ReadMemory at 0x77e8b788 of 24 bytes failed: Only part of a ReadProcessMemory or WriteProcessMemory request was completed. (0x12B)
[0629/214851.484:ERROR:process_memory_win.cc(73)] ReadMemory at 0x77e8b934 of 32 bytes failed: Only part of a ReadProcessMemory or WriteProcessMemory request was completed. (0x12B)
[0629/214851.484:ERROR:process_memory_win.cc(73)] ReadMemory at 0xfedbe000 of 3992 bytes failed: Only part of a ReadProcessMemory or WriteProcessMemory request was completed. (0x12B)
[0629/214851.484:ERROR:process_memory_win.cc(73)] ReadMemory at 0xfedc1000 of 3992 bytes failed: Only part of a ReadProcessMemory or WriteProcessMemory request was completed. (0x12B)
[0629/214851.490:ERROR:process_memory_win.cc(73)] ReadMemory at 0xfedc4000 of 3992 bytes failed: Only part of a ReadProcessMemory or WriteProcessMemory request was completed. (0x12B)
[0629/214851.490:ERROR:process_memory_win.cc(73)] ReadMemory at 0xfedc7000 of 3992 bytes failed: Only part of a ReadProcessMemory or WriteProcessMemory request was completed. (0x12B)
[0629/214851.490:ERROR:process_memory_win.cc(73)] ReadMemory at 0xfedca000 of 3992 bytes failed: Only part of a ReadProcessMemory or WriteProcessMemory request was completed. (0x12B)
[0629/214851.490:ERROR:process_memory_win.cc(73)] ReadMemory at 0xfedcd000 of 3992 bytes failed: Only part of a ReadProcessMemory or WriteProcessMemory request was completed. (0x12B)
[0629/214851.490:ERROR:process_memory_win.cc(73)] ReadMemory at 0xfedd0000 of 3992 bytes failed: Only part of a ReadProcessMemory or WriteProcessMemory request was completed. (0x12B)
[0629/214851.490:ERROR:process_memory_win.cc(73)] ReadMemory at 0xfedd3000 of 3992 bytes failed: Only part of a ReadProcessMemory or WriteProcessMemory request was completed. (0x12B)
[0629/214851.490:ERROR:process_memory_win.cc(73)] ReadMemory at 0xfedd6000 of 3992 bytes failed: Only part of a ReadProcessMemory or WriteProcessMemory request was completed. (0x12B)
[0629/214851.490:ERROR:process_memory_win.cc(73)] ReadMemory at 0xfedd9000 of 3992 bytes failed: Only part of a ReadProcessMemory or WriteProcessMemory request was completed. (0x12B)
[0629/214851.490:ERROR:process_memory_win.cc(73)] ReadMemory at 0xfeddc000 of 3992 bytes failed: Only part of a ReadProcessMemory or WriteProcessMemory request was completed. (0x12B)
[0629/214851.490:ERROR:process_memory_win.cc(73)] ReadMemory at 0xfeddf000 of 3992 bytes failed: Only part of a ReadProcessMemory or WriteProcessMemory request was completed. (0x12B)
[0629/214851.490:ERROR:process_memory_win.cc(73)] ReadMemory at 0xfef07000 of 3992 bytes failed: Only part of a ReadProcessMemory or WriteProcessMemory request was completed. (0x12B)
[0629/214851.522:ERROR:process_memory_win.cc(73)] ReadMemory at 0xfef0a000 of 3992 bytes failed: Only part of a ReadProcessMemory or WriteProcessMemory request was completed. (0x12B)
[0629/214851.522:ERROR:process_memory_win.cc(73)] ReadMemory at 0xfef0d000 of 3992 bytes failed: Only part of a ReadProcessMemory or WriteProcessMemory request was completed. (0x12B)
[0629/214851.522:ERROR:process_memory_win.cc(73)] ReadMemory at 0xfef0e000 of 560 bytes failed: Only part of a ReadProcessMemory or WriteProcessMemory request was completed. (0x12B)
[0629/214851.567:ERROR:scoped_process_suspend.cc(40)] NtResumeProcess: An attempt was made to access an exiting process. (0xc000010a)
